============================================================
ARMA-GARCH ANALYSIS - PART A
S&P 500 Daily Returns (2017-01-01 to Present)
============================================================
Downloading SPY data from 2017-01-01 to 2025-11-06...
Failed to get ticker 'SPY' reason: Expecting value: line 1 column 1 (char 0)
HTTP Error 403: Access denied
HTTP Error 403: Access denied

1 Failed download:
['SPY']: TypeError("argument of type 'NoneType' is not iterable")
Downloaded 0 daily returns
Traceback (most recent call last):
  File "/home/user/ZPI/arma_garch_analysis/part_a_analysis.py", line 492, in <module>
    main()
  File "/home/user/ZPI/arma_garch_analysis/part_a_analysis.py", line 431, in main
    analysis.download_data()
  File "/home/user/ZPI/arma_garch_analysis/part_a_analysis.py", line 61, in download_data
    print(f"Date range: {self.returns.index[0].date()} to {self.returns.index[-1].date()}")
                         ~~~~~~~~~~~~~~~~~~^^^
  File "/usr/local/lib/python3.11/dist-packages/pandas/core/indexes/base.py", line 5401, in __getitem__
    return getitem(key)
           ^^^^^^^^^^^^
  File "/usr/local/lib/python3.11/dist-packages/pandas/core/arrays/datetimelike.py", line 398, in __getitem__
    result = cast("Union[Self, DTScalarOrNaT]", super().__getitem__(key))
                                                ^^^^^^^^^^^^^^^^^^^^^^^^
  File "/usr/local/lib/python3.11/dist-packages/pandas/core/arrays/_mixins.py", line 284, in __getitem__
    result = self._ndarray[key]
             ~~~~~~~~~~~~~^^^^^
IndexError: index 0 is out of bounds for axis 0 with size 0
